Start testing: Mar 01 11:46 Mountain Standard Time
----------------------------------------------------------
1/1 Testing: FlagFieldTests
1/1 Test: FlagFieldTests
Command: "C:/Users/RayRi/Documents/Ray's C++ Libraries/Flag Manager/build/Debug/flagfield_tests.exe"
Directory: C:/Users/RayRi/Documents/Ray's C++ Libraries/Flag Manager/build
"FlagFieldTests" start time: Mar 01 11:46 Mountain Standard Time
Output:
----------------------------------------------------------
Running main() from C:\Users\RayRi\Documents\Ray's C++ Libraries\Flag Manager\build\googletest-src\googletest\src\gtest_main.cc
[==========] Running 20 tests from 1 test suite.
[----------] Global test environment set-up.
[----------] 20 tests from FlagFieldTests
[ RUN      ] FlagFieldTests.SetFlag
Creating FlagField with default constructor with size: 8
Setting flag at index: 3
Checking if flag is set at index: 3
Deconstructing FlagField with size: 8
[       OK ] FlagFieldTests.SetFlag (0 ms)
[ RUN      ] FlagFieldTests.ClearFlag
Creating FlagField with default constructor with size: 8
Setting flag at index: 5
Clearing flag at index: 5
Checking if flag is set at index: 5
Deconstructing FlagField with size: 8
[       OK ] FlagFieldTests.ClearFlag (0 ms)
[ RUN      ] FlagFieldTests.ToggleFlag
Creating FlagField with default constructor with size: 8
Toggling flag at index: 2
Checking if flag is set at index: 2
Toggling flag at index: 2
Checking if flag is set at index: 2
Deconstructing FlagField with size: 8
[       OK ] FlagFieldTests.ToggleFlag (0 ms)
[ RUN      ] FlagFieldTests.IsFlagSet
Creating FlagField with default constructor with size: 8
Checking if flag is set at index: 1
Setting flag at index: 1
Checking if flag is set at index: 1
Deconstructing FlagField with size: 8
[       OK ] FlagFieldTests.IsFlagSet (0 ms)
[ RUN      ] FlagFieldTests.MultipleFlags
Creating FlagField with default constructor with size: 8
Setting flag at index: 0
Setting flag at index: 1
Setting flag at index: 7
Checking if flag is set at index: 0
Checking if flag is set at index: 1
Checking if flag is set at index: 7
Clearing flag at index: 1
Checking if flag is set at index: 1
Deconstructing FlagField with size: 8
[       OK ] FlagFieldTests.MultipleFlags (0 ms)
[ RUN      ] FlagFieldTests.DifferentSizeConstructor
Creating FlagField from a list of flags...
Setting flag at index: 3
Setting flag at index: 4
Setting flag at index: 5
Checking if flag is set at index: 3
Checking if flag is set at index: 4
Checking if flag is set at index: 5
Checking if flag is set at index: 0
Checking if flag is set at index: 2
Checking if flag is set at index: 11
Deconstructing FlagField with size: 12
[       OK ] FlagFieldTests.DifferentSizeConstructor (0 ms)
[ RUN      ] FlagFieldTests.ConstructorWithMultipleFlags
Creating FlagField from a list of flags...
Setting flag at index: 1
Setting flag at index: 3
Setting flag at index: 4
Checking if flag is set at index: 1
Checking if flag is set at index: 3
Checking if flag is set at index: 4
Checking if flag is set at index: 0
Checking if flag is set at index: 2
Checking if flag is set at index: 5
Deconstructing FlagField with size: 8
[       OK ] FlagFieldTests.ConstructorWithMultipleFlags (0 ms)
[ RUN      ] FlagFieldTests.CopyConstructor
Creating FlagField with default constructor with size: 8
Setting flag at index: 3
Creating FlagField from another FlagField both with size: 8
Checking if flag is set at index: 3
Deconstructing FlagField with size: 8
Deconstructing FlagField with size: 8
[       OK ] FlagFieldTests.CopyConstructor (0 ms)
[ RUN      ] FlagFieldTests.DefaultConstructor
Creating FlagField with default constructor with size: 8
Checking if flag is set at index: 3
Deconstructing FlagField with size: 8
[       OK ] FlagFieldTests.DefaultConstructor (0 ms)
[ RUN      ] FlagFieldTests.NumberOfManagedFlags
Creating FlagField with default constructor with size: 2
Creating FlagField with default constructor with size: 16
Creating FlagField with default constructor with size: 1234
Setting flag at index: 0
Setting flag at index: 15
Setting flag at index: 1000
Checking if flag is set at index: 0
Checking if flag is set at index: 15
Checking if flag is set at index: 1000
Deconstructing FlagField with size: 1234
Deconstructing FlagField with size: 16
Deconstructing FlagField with size: 2
[       OK ] FlagFieldTests.NumberOfManagedFlags (0 ms)
[ RUN      ] FlagFieldTests.BinaryIntegerOperators
Creating FlagField with default constructor with size: 8
Setting flag at index: 3
Checking if flag is set at index: 3
Checking if flag is set at index: 2
Clearing flag at index: 3
Checking if flag is set at index: 3
Setting flag at index: 3
Checking if flag is set at index: 3
Toggling flag at index: 3
Checking if flag is set at index: 3
Setting flag at index: 3
Checking if flag is set at index: 3
Clearing flag at index: 3
Checking if flag is set at index: 3
Deconstructing FlagField with size: 8
[       OK ] FlagFieldTests.BinaryIntegerOperators (0 ms)
[ RUN      ] FlagFieldTests.BinaryBooleanOperators
Creating FlagField with default constructor with size: 8
Setting flag at index: 3
Creating FlagField from another FlagField both with size: 8
Creating FlagField from another FlagField both with size: 8
Deconstructing FlagField with size: 8
Checking if flag is set at index: 3
Checking if flag is set at index: 3
Deconstructing FlagField with size: 8
Deconstructing FlagField with size: 8
[       OK ] FlagFieldTests.BinaryBooleanOperators (0 ms)
[ RUN      ] FlagFieldTests.BinaryFlagFieldOperators
Creating FlagField with default constructor with size: 8
Creating FlagField with default constructor with size: 8
Setting flag at index: 3
Setting flag at index: 5
Creating FlagField from another FlagField both with size: 8
Creating FlagField from another FlagField both with size: 8
Deconstructing FlagField with size: 8
Checking if flag is set at index: 3
Checking if flag is set at index: 5
Creating FlagField from another FlagField both with size: 8
Creating FlagField from another FlagField both with size: 8
Deconstructing FlagField with size: 8
Deconstructing FlagField with size: 8
Checking if flag is set at index: 3
Checking if flag is set at index: 5
Creating FlagField from another FlagField both with size: 8
Creating FlagField from another FlagField both with size: 8
Deconstructing FlagField with size: 8
Deconstructing FlagField with size: 8
Checking if flag is set at index: 3
Checking if flag is set at index: 5
Checking if flag is set at index: 3
Checking if flag is set at index: 5
Checking if flag is set at index: 5
Deconstructing FlagField with size: 8
Deconstructing FlagField with size: 8
Deconstructing FlagField with size: 8
[       OK ] FlagFieldTests.BinaryFlagFieldOperators (0 ms)
[ RUN      ] FlagFieldTests.MemberAccessOperators
Creating FlagField with default constructor with size: 8
Setting flag at index: 3
Checking if flag is set at index: 3
Deconstructing FlagField with size: 8
[       OK ] FlagFieldTests.MemberAccessOperators (0 ms)
[ RUN      ] FlagFieldTests.UnaryPrefixOperators
Creating FlagField with default constructor with size: 8
Setting flag at index: 3
Checking if flag is set at index: 3
Deconstructing FlagField with size: 8
[       OK ] FlagFieldTests.UnaryPrefixOperators (0 ms)
[ RUN      ] FlagFieldTests.UnaryPostfixOperators
Creating FlagField with default constructor with size: 8
Checking if flag is set at index: 0
Checking if flag is set at index: 7
Checking if flag is set at index: 0
Checking if flag is set at index: 7
Deconstructing FlagField with size: 8
[       OK ] FlagFieldTests.UnaryPostfixOperators (0 ms)
[ RUN      ] FlagFieldTests.SetAndClearAllFlags
Creating FlagField with default constructor with size: 32
Checking if flag is set at index: 0
Checking if flag is set at index: 1
Checking if flag is set at index: 2
Checking if flag is set at index: 3
Checking if flag is set at index: 4
Checking if flag is set at index: 5
Checking if flag is set at index: 6
Checking if flag is set at index: 7
Checking if flag is set at index: 8
Checking if flag is set at index: 9
Checking if flag is set at index: 10
Checking if flag is set at index: 11
Checking if flag is set at index: 12
Checking if flag is set at index: 13
Checking if flag is set at index: 14
Checking if flag is set at index: 15
Checking if flag is set at index: 16
Checking if flag is set at index: 17
Checking if flag is set at index: 18
Checking if flag is set at index: 19
Checking if flag is set at index: 20
Checking if flag is set at index: 21
Checking if flag is set at index: 22
Checking if flag is set at index: 23
Checking if flag is set at index: 24
Checking if flag is set at index: 25
Checking if flag is set at index: 26
Checking if flag is set at index: 27
Checking if flag is set at index: 28
Checking if flag is set at index: 29
Checking if flag is set at index: 30
Checking if flag is set at index: 31
Checking if flag is set at index: 0
Checking if flag is set at index: 1
Checking if flag is set at index: 2
Checking if flag is set at index: 3
Checking if flag is set at index: 4
Checking if flag is set at index: 5
Checking if flag is set at index: 6
Checking if flag is set at index: 7
Checking if flag is set at index: 8
Checking if flag is set at index: 9
Checking if flag is set at index: 10
Checking if flag is set at index: 11
Checking if flag is set at index: 12
Checking if flag is set at index: 13
Checking if flag is set at index: 14
Checking if flag is set at index: 15
Checking if flag is set at index: 16
Checking if flag is set at index: 17
Checking if flag is set at index: 18
Checking if flag is set at index: 19
Checking if flag is set at index: 20
Checking if flag is set at index: 21
Checking if flag is set at index: 22
Checking if flag is set at index: 23
Checking if flag is set at index: 24
Checking if flag is set at index: 25
Checking if flag is set at index: 26
Checking if flag is set at index: 27
Checking if flag is set at index: 28
Checking if flag is set at index: 29
Checking if flag is set at index: 30
Checking if flag is set at index: 31
Deconstructing FlagField with size: 32
[       OK ] FlagFieldTests.SetAndClearAllFlags (0 ms)
[ RUN      ] FlagFieldTests.ToggleAllFlags
Creating FlagField with default constructor with size: 8
Checking if flag is set at index: 0
Checking if flag is set at index: 1
Checking if flag is set at index: 2
Checking if flag is set at index: 3
Checking if flag is set at index: 4
Checking if flag is set at index: 5
Checking if flag is set at index: 6
Checking if flag is set at index: 7
Checking if flag is set at index: 0
Checking if flag is set at index: 1
Checking if flag is set at index: 2
Checking if flag is set at index: 3
Checking if flag is set at index: 4
Checking if flag is set at index: 5
Checking if flag is set at index: 6
Checking if flag is set at index: 7
Deconstructing FlagField with size: 8
[       OK ] FlagFieldTests.ToggleAllFlags (0 ms)
[ RUN      ] FlagFieldTests.CopyAssignmentOperator
Creating FlagField with default constructor with size: 8
Setting flag at index: 2
Setting flag at index: 4
Creating FlagField with default constructor with size: 8
Checking if flag is set at index: 2
Checking if flag is set at index: 4
Checking if flag is set at index: 1
Deconstructing FlagField with size: 8
Deconstructing FlagField with size: 8
[       OK ] FlagFieldTests.CopyAssignmentOperator (0 ms)
[ RUN      ] FlagFieldTests.EqualityAndInequalityOperators
Creating FlagField with default constructor with size: 8
Creating FlagField with default constructor with size: 8
Setting flag at index: 3
Setting flag at index: 3
Setting flag at index: 4
Deconstructing FlagField with size: 8
Deconstructing FlagField with size: 8
[       OK ] FlagFieldTests.EqualityAndInequalityOperators (0 ms)
[----------] 20 tests from FlagFieldTests (2 ms total)

[----------] Global test environment tear-down
[==========] 20 tests from 1 test suite ran. (2 ms total)
[  PASSED  ] 20 tests.
<end of output>
Test time =   0.04 sec
----------------------------------------------------------
Test Passed.
"FlagFieldTests" end time: Mar 01 11:46 Mountain Standard Time
"FlagFieldTests" time elapsed: 00:00:00
----------------------------------------------------------

End testing: Mar 01 11:46 Mountain Standard Time
